<?xml version="1.0" encoding="UTF-8"?>
<!-- Generated by org.testng.reporters.JUnitReportReporter -->
<testsuite skipped="0" hostname="DESKTOP-COEEAOS" name="com.training.sanity.tests.PostsTest" tests="2" failures="0" timestamp="17 Sep 2019 13:52:34 GMT" time="140.791" errors="0">
  <testcase name="AdminLogin" time="5.159" classname="com.training.sanity.tests.PostsTest"/>
  <testcase name="RETC_075" time="135.632" classname="com.training.sanity.tests.PostsTest"/>
</testsuite> <!-- com.training.sanity.tests.PostsTest -->
