<?xml version="1.0" encoding="UTF-8"?>
<!-- Generated by org.testng.reporters.JUnitReportReporter -->
<testsuite skipped="0" hostname="DESKTOP-COEEAOS" name="com.training.sanity.tests.UsersTest" tests="6" failures="0" timestamp="17 Sep 2019 18:19:16 GMT" time="70.484" errors="0">
  <testcase name="AdminLogin" time="8.744" classname="com.training.sanity.tests.UsersTest"/>
  <testcase name="RETC_074" time="5.329" classname="com.training.sanity.tests.UsersTest"/>
  <testcase name="RETC_074_Excel" time="4.869" classname="com.training.sanity.tests.UsersTest"/>
  <testcase name="RETC_074_Excel" time="4.990" classname="com.training.sanity.tests.UsersTest"/>
  <testcase name="RETC_074_Excel" time="5.199" classname="com.training.sanity.tests.UsersTest"/>
  <testcase name="PostsTest" time="41.353" classname="com.training.sanity.tests.UsersTest"/>
</testsuite> <!-- com.training.sanity.tests.UsersTest -->
