<?xml version="1.0" encoding="UTF-8"?>
<!-- Generated by org.testng.reporters.JUnitReportReporter -->
<testsuite skipped="0" hostname="DESKTOP-COEEAOS" name="com.training.sanity.tests.NewLaunch" tests="2" failures="0" timestamp="17 Sep 2019 18:17:24 GMT" time="16.998" errors="0">
  <testcase name="RETC_073" time="5.443" classname="com.training.sanity.tests.NewLaunch"/>
  <testcase name="RETC_073_fetchdatafromDB" time="11.555" classname="com.training.sanity.tests.NewLaunch"/>
</testsuite> <!-- com.training.sanity.tests.NewLaunch -->
