<?xml version="1.0" encoding="UTF-8"?>
<!-- Generated by org.testng.reporters.JUnitReportReporter -->
<testsuite skipped="2" hostname="DESKTOP-COEEAOS" name="com.training.sanity.tests.EditProfileTests" tests="2" failures="0" timestamp="10 Sep 2019 10:12:45 GMT" time="0.000" errors="0">
  <testcase name="AdminLogin" time="0.000" classname="com.training.sanity.tests.EditProfileTests">
    <skipped/>
  </testcase> <!-- AdminLogin -->
  <testcase name="EditProfile" time="0.000" classname="com.training.sanity.tests.EditProfileTests">
    <skipped/>
  </testcase> <!-- EditProfile -->
</testsuite> <!-- com.training.sanity.tests.EditProfileTests -->
