<?xml version="1.0" encoding="UTF-8"?>
<!-- Generated by org.testng.reporters.JUnitReportReporter -->
<testsuite skipped="0" hostname="DESKTOP-COEEAOS" name="com.training.regression.tests.LoginMultipleValuesTest" tests="2" failures="0" timestamp="10 Sep 2019 10:12:45 GMT" time="42.628" errors="0">
  <testcase name="testMethod1" time="17.688" classname="com.training.regression.tests.LoginMultipleValuesTest"/>
  <testcase name="testMethod1" time="24.940" classname="com.training.regression.tests.LoginMultipleValuesTest"/>
</testsuite> <!-- com.training.regression.tests.LoginMultipleValuesTest -->
