<?xml version="1.0" encoding="UTF-8"?>
<!-- Generated by org.testng.reporters.JUnitReportReporter -->
<testsuite skipped="0" hostname="DESKTOP-COEEAOS" name="com.training.sanity.tests.AdminLoginTest" tests="2" failures="0" timestamp="17 Sep 2019 18:05:41 GMT" time="50.647" errors="0">
  <testcase name="AdminLogin" time="5.668" classname="com.training.sanity.tests.AdminLoginTest"/>
  <testcase name="PostsTest" time="44.979" classname="com.training.sanity.tests.AdminLoginTest"/>
</testsuite> <!-- com.training.sanity.tests.AdminLoginTest -->
