<?xml version="1.0" encoding="UTF-8"?>
<!-- Generated by org.testng.reporters.JUnitReportReporter -->
<testsuite skipped="0" hostname="DESKTOP-COEEAOS" name="com.training.sanity.tests.LoginTests" tests="1" failures="0" timestamp="10 Sep 2019 10:12:45 GMT" time="16.278" errors="0">
  <testcase name="validLoginTest" time="16.278" classname="com.training.sanity.tests.LoginTests"/>
</testsuite> <!-- com.training.sanity.tests.LoginTests -->
